<?xml version="1.0" encoding="UTF-8"?>
<testsuite name="AppTest" tests="3" skipped="0" failures="0" errors="0" timestamp="2021-05-29T17:26:38" hostname="bbronek-ThinkPad-X240" time="0.014">
  <properties/>
  <testcase name="modifyDataTest()" classname="AppTest" time="0.002"/>
  <testcase name="shouldReturnPeselLengthExcpetion()" classname="AppTest" time="0.008"/>
  <testcase name="shouldReturnCOntrolDigitExcpetion()" classname="AppTest" time="0.002"/>
  <system-out><![CDATA[]]></system-out>
  <system-err><![CDATA[]]></system-err>
</testsuite>
